2019-12-02 23:33:29.475  INFO 12236 --- [main] com.yj.bj.HKJGJServerApplication         : The following profiles are active: dev
2019-12-02 23:33:29.506  INFO 12236 --- [main] ationConfigEmbeddedWebApplicationContext : Refreshing org.springframework.boot.context.embedded.AnnotationConfigEmbeddedWebApplicationContext@37e75865: startup date [Mon Dec 02 23:33:29 CST 2019]; parent: org.springframework.context.annotation.AnnotationConfigApplicationContext@182d2fd7
2019-12-02 23:33:30.622  INFO 12236 --- [main] o.s.i.config.IntegrationRegistrar        : No bean named 'integrationHeaderChannelRegistry' has been explicitly defined. Therefore, a default DefaultHeaderChannelRegistry will be created.
2019-12-02 23:33:31.090  INFO 12236 --- [main] o.s.cloud.context.scope.GenericScope     : BeanFactory id=b8650e14-770c-32d7-90ea-bdee5ab6d155
2019-12-02 23:33:31.106  INFO 12236 --- [main] faultConfiguringBeanFactoryPostProcessor : No bean named 'errorChannel' has been explicitly defined. Therefore, a default PublishSubscribeChannel will be created.
2019-12-02 23:33:31.106  INFO 12236 --- [main] faultConfiguringBeanFactoryPostProcessor : No bean named 'taskScheduler' has been explicitly defined. Therefore, a default ThreadPoolTaskScheduler will be created.
2019-12-02 23:33:31.137  INFO 12236 --- [main] f.a.AutowiredAnnotationBeanPostProcessor : JSR-330 'javax.inject.Inject' annotation found and supported for autowiring
2019-12-02 23:33:31.215  INFO 12236 --- [main] trationDelegate$BeanPostProcessorChecker : Bean 'org.springframework.amqp.rabbit.annotation.RabbitBootstrapConfiguration' of type [org.springframework.amqp.rabbit.annotation.RabbitBootstrapConfiguration$$EnhancerBySpringCGLIB$$55ab2b03] is not eligible for getting processed by all BeanPostProcessors (for example: not eligible for auto-proxying)
2019-12-02 23:33:31.247  INFO 12236 --- [main] trationDelegate$BeanPostProcessorChecker : Bean 'org.springframework.cloud.netflix.metrics.MetricsInterceptorConfiguration$MetricsRestTemplateConfiguration' of type [org.springframework.cloud.netflix.metrics.MetricsInterceptorConfiguration$MetricsRestTemplateConfiguration$$EnhancerBySpringCGLIB$$c16c1316] is not eligible for getting processed by all BeanPostProcessors (for example: not eligible for auto-proxying)
2019-12-02 23:33:31.262  INFO 12236 --- [main] trationDelegate$BeanPostProcessorChecker : Bean 'org.springframework.transaction.annotation.ProxyTransactionManagementConfiguration' of type [org.springframework.transaction.annotation.ProxyTransactionManagementConfiguration$$EnhancerBySpringCGLIB$$8f3f6cd5] is not eligible for getting processed by all BeanPostProcessors (for example: not eligible for auto-proxying)
2019-12-02 23:33:31.340  INFO 12236 --- [main] trationDelegate$BeanPostProcessorChecker : Bean 'integrationGlobalProperties' of type [org.springframework.beans.factory.config.PropertiesFactoryBean] is not eligible for getting processed by all BeanPostProcessors (for example: not eligible for auto-proxying)
2019-12-02 23:33:31.340  INFO 12236 --- [main] trationDelegate$BeanPostProcessorChecker : Bean 'integrationGlobalProperties' of type [java.util.Properties] is not eligible for getting processed by all BeanPostProcessors (for example: not eligible for auto-proxying)
2019-12-02 23:33:31.356  INFO 12236 --- [main] trationDelegate$BeanPostProcessorChecker : Bean 'org.springframework.cloud.autoconfigure.ConfigurationPropertiesRebinderAutoConfiguration' of type [org.springframework.cloud.autoconfigure.ConfigurationPropertiesRebinderAutoConfiguration$$EnhancerBySpringCGLIB$$ab596fd2] is not eligible for getting processed by all BeanPostProcessors (for example: not eligible for auto-proxying)
2019-12-02 23:33:31.653  INFO 12236 --- [main] s.b.c.e.t.TomcatEmbeddedServletContainer : Tomcat initialized with port(s): 80 (http)
2019-12-02 23:33:31.653  INFO 12236 --- [main] o.apache.catalina.core.StandardService   : Starting service [Tomcat]
2019-12-02 23:33:31.653  INFO 12236 --- [main] org.apache.catalina.core.StandardEngine  : Starting Servlet Engine: Apache Tomcat/8.5.23
2019-12-02 23:33:31.778  INFO 12236 --- [localhost-startStop-1] o.a.c.c.C.[.[localhost].[/yj-mer]        : Initializing Spring embedded WebApplicationContext
2019-12-02 23:33:31.778  INFO 12236 --- [localhost-startStop-1] o.s.web.context.ContextLoader            : Root WebApplicationContext: initialization completed in 2272 ms
2019-12-02 23:33:32.043  INFO 12236 --- [localhost-startStop-1] o.s.b.w.servlet.FilterRegistrationBean   : Mapping filter: 'metricsFilter' to: [/*]
2019-12-02 23:33:32.043  INFO 12236 --- [localhost-startStop-1] o.s.b.w.servlet.FilterRegistrationBean   : Mapping filter: 'characterEncodingFilter' to: [/*]
2019-12-02 23:33:32.043  INFO 12236 --- [localhost-startStop-1] o.s.b.w.servlet.FilterRegistrationBean   : Mapping filter: 'hiddenHttpMethodFilter' to: [/*]
2019-12-02 23:33:32.059  INFO 12236 --- [localhost-startStop-1] o.s.b.w.servlet.FilterRegistrationBean   : Mapping filter: 'httpPutFormContentFilter' to: [/*]
2019-12-02 23:33:32.059  INFO 12236 --- [localhost-startStop-1] o.s.b.w.servlet.FilterRegistrationBean   : Mapping filter: 'requestContextFilter' to: [/*]
2019-12-02 23:33:32.059  INFO 12236 --- [localhost-startStop-1] o.s.b.w.servlet.FilterRegistrationBean   : Mapping filter: 'webRequestLoggingFilter' to: [/*]
2019-12-02 23:33:32.059  INFO 12236 --- [localhost-startStop-1] o.s.b.w.servlet.FilterRegistrationBean   : Mapping filter: 'tokenFilter' to urls: [/*]
2019-12-02 23:33:32.059  INFO 12236 --- [localhost-startStop-1] o.s.b.w.servlet.FilterRegistrationBean   : Mapping filter: 'applicationContextIdFilter' to: [/*]
2019-12-02 23:33:32.059  INFO 12236 --- [localhost-startStop-1] o.s.b.w.servlet.ServletRegistrationBean  : Mapping servlet: 'dispatcherServlet' to [/]
2019-12-02 23:33:34.125  WARN 12236 --- [main] c.n.c.sources.URLConfigurationSource     : No URLs will be polled as dynamic configuration sources.
2019-12-02 23:33:34.125  INFO 12236 --- [main] c.n.c.sources.URLConfigurationSource     : To enable URLs as dynamic configuration sources, define System property archaius.configurationSource.additionalUrls or make config.properties available on classpath.
2019-12-02 23:33:34.141  WARN 12236 --- [main] c.n.c.sources.URLConfigurationSource     : No URLs will be polled as dynamic configuration sources.
2019-12-02 23:33:34.141  INFO 12236 --- [main] c.n.c.sources.URLConfigurationSource     : To enable URLs as dynamic configuration sources, define System property archaius.configurationSource.additionalUrls or make config.properties available on classpath.
2019-12-02 23:33:34.422  INFO 12236 --- [main] s.w.s.m.m.a.RequestMappingHandlerAdapter : Looking for @ControllerAdvice: org.springframework.boot.context.embedded.AnnotationConfigEmbeddedWebApplicationContext@37e75865: startup date [Mon Dec 02 23:33:29 CST 2019]; parent: org.springframework.context.annotation.AnnotationConfigApplicationContext@182d2fd7
2019-12-02 23:33:34.500  INFO 12236 --- [main] s.w.s.m.m.a.RequestMappingHandlerMapping : Mapped "{[/AgentRate/getAgentRateList]}" onto public java.util.List<com.yj.bj.entity.AgentRate> com.yj.bj.controller.AgentRateController.select(java.lang.String,java.lang.String)
2019-12-02 23:33:34.516  INFO 12236 --- [main] s.w.s.m.m.a.RequestMappingHandlerMapping : Mapped "{[/FindAreaById/findArea]}" onto public com.yj.bj.util.YJResult com.yj.bj.controller.AreaFindController.findArea(java.lang.String)
2019-12-02 23:33:34.516  INFO 12236 --- [main] s.w.s.m.m.a.RequestMappingHandlerMapping : Mapped "{[/Attestation/test],methods=[POST]}" onto public com.yj.bj.util.YJResult com.yj.bj.controller.AttestationController.test(java.lang.String,java.lang.String,java.lang.String,java.lang.String,java.lang.String,java.lang.String)
2019-12-02 23:33:34.516  INFO 12236 --- [main] s.w.s.m.m.a.RequestMappingHandlerMapping : Mapped "{[/Attestation/attestation],methods=[POST]}" onto public com.yj.bj.util.YJResult com.yj.bj.controller.AttestationController.attestation(java.lang.String,java.lang.String,java.lang.String,java.lang.String,java.lang.String,java.lang.String,java.lang.String)
2019-12-02 23:33:34.516  INFO 12236 --- [main] s.w.s.m.m.a.RequestMappingHandlerMapping : Mapped "{[/Banner/selectBannerList]}" onto public com.yj.bj.util.YJResult com.yj.bj.controller.BannerController.get(java.lang.String,java.lang.String)
2019-12-02 23:33:34.516  INFO 12236 --- [main] s.w.s.m.m.a.RequestMappingHandlerMapping : Mapped "{[/CardInformation/addCreditCard],methods=[POST]}" onto public com.yj.bj.util.YJResult com.yj.bj.controller.CardInformationController.add(java.lang.String,java.lang.String,java.lang.String,java.lang.String,java.lang.String,java.lang.String,java.lang.String,java.lang.String,java.lang.String,java.lang.String,java.lang.String,java.lang.String,java.lang.String,java.lang.String)
2019-12-02 23:33:34.516  INFO 12236 --- [main] s.w.s.m.m.a.RequestMappingHandlerMapping : Mapped "{[/CardInformation/selectCards],methods=[POST]}" onto public com.yj.bj.util.YJResult com.yj.bj.controller.CardInformationController.selectCards(java.lang.String,java.lang.String,java.lang.String,java.lang.String,java.lang.String)
2019-12-02 23:33:34.516  INFO 12236 --- [main] s.w.s.m.m.a.RequestMappingHandlerMapping : Mapped "{[/CardInformation/getCard],methods=[POST]}" onto public com.yj.bj.util.YJResult com.yj.bj.controller.CardInformationController.getCard(java.lang.String,java.lang.String,java.lang.String)
2019-12-02 23:33:34.516  INFO 12236 --- [main] s.w.s.m.m.a.RequestMappingHandlerMapping : Mapped "{[/CardInformation/addCard],methods=[POST]}" onto public com.yj.bj.util.YJResult com.yj.bj.controller.CardInformationController.addCard(java.lang.String,java.lang.String,java.lang.String,java.lang.String,java.lang.String,java.lang.String,java.lang.String,java.lang.String,java.lang.String)
2019-12-02 23:33:34.516  INFO 12236 --- [main] s.w.s.m.m.a.RequestMappingHandlerMapping : Mapped "{[/CardInformation/alterSigns],methods=[POST]}" onto public com.yj.bj.util.YJResult com.yj.bj.controller.CardInformationController.alterSigns(java.lang.String,java.lang.String,java.lang.String,java.lang.String)
2019-12-02 23:33:34.516  INFO 12236 --- [main] s.w.s.m.m.a.RequestMappingHandlerMapping : Mapped "{[/CardInformation/getCardById]}" onto public com.yj.bj.entity.CardInformation com.yj.bj.controller.CardInformationController.getCardById(java.lang.Long)
2019-12-02 23:33:34.516  INFO 12236 --- [main] s.w.s.m.m.a.RequestMappingHandlerMapping : Mapped "{[/CardInformation/alterCards],methods=[POST]}" onto public com.yj.bj.util.YJResult com.yj.bj.controller.CardInformationController.alterCards(java.lang.String,java.lang.String,java.lang.String,java.lang.String,java.lang.String,java.lang.String,java.lang.String)
2019-12-02 23:33:34.516  INFO 12236 --- [main] s.w.s.m.m.a.RequestMappingHandlerMapping : Mapped "{[/CardInformation/delCard],methods=[POST]}" onto public com.yj.bj.util.YJResult com.yj.bj.controller.CardInformationController.delCard(java.lang.String,java.lang.String,java.lang.String,java.lang.String,java.lang.String)
2019-12-02 23:33:34.516  INFO 12236 --- [main] s.w.s.m.m.a.RequestMappingHandlerMapping : Mapped "{[/CardInformation/changeCard],methods=[POST]}" onto public com.yj.bj.util.YJResult com.yj.bj.controller.CardInformationController.changeCard(java.lang.String,java.lang.String,java.lang.String,java.lang.String,java.lang.String)
2019-12-02 23:33:34.516  INFO 12236 --- [main] s.w.s.m.m.a.RequestMappingHandlerMapping : Mapped "{[/CardInformation/alterCard],methods=[POST]}" onto public com.yj.bj.util.YJResult com.yj.bj.controller.CardInformationController.alterCard(java.lang.String,java.lang.String,java.lang.String,java.lang.String,java.lang.String)
2019-12-02 23:33:34.516  INFO 12236 --- [main] s.w.s.m.m.a.RequestMappingHandlerMapping : Mapped "{[/count/select]}" onto public com.yj.bj.util.YJResult com.yj.bj.controller.CountController.select(java.lang.String,java.lang.String,java.lang.String,java.lang.String)
2019-12-02 23:33:34.516  INFO 12236 --- [main] s.w.s.m.m.a.RequestMappingHandlerMapping : Mapped "{[/Image/addcardImgA],methods=[POST]}" onto public com.yj.bj.util.YJResult com.yj.bj.controller.ImageController.cardImgA(java.lang.String,java.lang.String,java.lang.String,org.springframework.web.multipart.MultipartFile,javax.servlet.http.HttpServletRequest)
2019-12-02 23:33:34.516  INFO 12236 --- [main] s.w.s.m.m.a.RequestMappingHandlerMapping : Mapped "{[/Image/adduserIDCardA],methods=[POST]}" onto public com.yj.bj.util.YJResult com.yj.bj.controller.ImageController.adduserIDCardA(java.lang.String,java.lang.String,java.lang.String,org.springframework.web.multipart.MultipartFile,javax.servlet.http.HttpServletRequest)
2019-12-02 23:33:34.516  INFO 12236 --- [main] s.w.s.m.m.a.RequestMappingHandlerMapping : Mapped "{[/Image/adduserIDCardB],methods=[POST]}" onto public com.yj.bj.util.YJResult com.yj.bj.controller.ImageController.adduserIDCardB(java.lang.String,java.lang.String,java.lang.String,org.springframework.web.multipart.MultipartFile,javax.servlet.http.HttpServletRequest)
2019-12-02 23:33:34.516  INFO 12236 --- [main] s.w.s.m.m.a.RequestMappingHandlerMapping : Mapped "{[/Income/selectIncome],methods=[POST]}" onto public com.yj.bj.util.YJResult com.yj.bj.controller.IncomeController.get()
2019-12-02 23:33:34.516  INFO 12236 --- [main] s.w.s.m.m.a.RequestMappingHandlerMapping : Mapped "{[/indexPush/getImg]}" onto public com.yj.bj.util.YJResult com.yj.bj.controller.IndexPushController.getImg(java.lang.String)
2019-12-02 23:33:34.516  INFO 12236 --- [main] s.w.s.m.m.a.RequestMappingHandlerMapping : Mapped "{[/Introduce/selectIntroduceList],methods=[POST]}" onto public com.yj.bj.util.YJResult com.yj.bj.controller.IntroduceController.get(java.lang.Integer,java.lang.Integer)
2019-12-02 23:33:34.516  INFO 12236 --- [main] s.w.s.m.m.a.RequestMappingHandlerMapping : Mapped "{[/KSgetPaymentNum/getArea]}" onto public com.yj.bj.util.YJResult com.yj.bj.controller.KSPaymentNumCtl.getAllArea(java.lang.String)
2019-12-02 23:33:34.516  INFO 12236 --- [main] s.w.s.m.m.a.RequestMappingHandlerMapping : Mapped "{[/KSUsedArea/areaMerMessage]}" onto public com.yj.bj.util.YJResult com.yj.bj.controller.KSRealNameUsedAreaCtl.insertRecord(com.yj.bj.entity.KSMerUsedArea)
2019-12-02 23:33:34.531  INFO 12236 --- [main] s.w.s.m.m.a.RequestMappingHandlerMapping : Mapped "{[/MerChants/mergeOrInsert]}" onto public com.yj.bj.util.YJResult com.yj.bj.controller.MerChantsController.add(java.lang.String,java.lang.String,java.lang.String,java.lang.String)
2019-12-02 23:33:34.531  INFO 12236 --- [main] s.w.s.m.m.a.RequestMappingHandlerMapping : Mapped "{[/MerChants/setMerChants],methods=[POST]}" onto public com.yj.bj.util.YJResult com.yj.bj.controller.MerChantsController.set(java.lang.String,java.lang.String,java.lang.String,java.lang.String)
2019-12-02 23:33:34.531  INFO 12236 --- [main] s.w.s.m.m.a.RequestMappingHandlerMapping : Mapped "{[/MerChants/addFaceImgUrl],methods=[POST]}" onto public com.yj.bj.util.YJResult com.yj.bj.controller.MerChantsController.insert(java.lang.String,java.lang.String,java.lang.String,org.springframework.web.multipart.MultipartFile,javax.servlet.http.HttpServletRequest)
2019-12-02 23:33:34.531  INFO 12236 --- [main] s.w.s.m.m.a.RequestMappingHandlerMapping : Mapped "{[/MerChants/check],methods=[POST]}" onto public com.yj.bj.util.YJResult com.yj.bj.controller.MerChantsController.check(java.lang.String,java.lang.String,java.lang.String,java.lang.String)
2019-12-02 23:33:34.531  INFO 12236 --- [main] s.w.s.m.m.a.RequestMappingHandlerMapping : Mapped "{[/MerChants/getStatistics]}" onto public com.yj.bj.util.YJResult com.yj.bj.controller.MerChantsController.select(java.lang.String,java.lang.String)
2019-12-02 23:33:34.531  INFO 12236 --- [main] s.w.s.m.m.a.RequestMappingHandlerMapping : Mapped "{[/MerChants/getMerChantsById]}" onto public com.yj.bj.entity.MerChants com.yj.bj.controller.MerChantsController.select(java.lang.String)
2019-12-02 23:33:34.531  INFO 12236 --- [main] s.w.s.m.m.a.RequestMappingHandlerMapping : Mapped "{[/MerChants/test]}" onto public com.yj.bj.util.YJResult com.yj.bj.controller.MerChantsController.test(java.lang.String,java.lang.String,java.lang.String,java.lang.String)
2019-12-02 23:33:34.531  INFO 12236 --- [main] s.w.s.m.m.a.RequestMappingHandlerMapping : Mapped "{[/MerChants/inspectToken],methods=[POST]}" onto public com.yj.bj.util.YJResult com.yj.bj.controller.MerChantsController.inspect(java.lang.String)
2019-12-02 23:33:34.531  INFO 12236 --- [main] s.w.s.m.m.a.RequestMappingHandlerMapping : Mapped "{[/MerChants/selectAgent],methods=[POST]}" onto public com.yj.bj.util.YJResult com.yj.bj.controller.MerChantsController.selectAgent(java.lang.String,java.lang.String,java.lang.String)
2019-12-02 23:33:34.531  INFO 12236 --- [main] s.w.s.m.m.a.RequestMappingHandlerMapping : Mapped "{[/MerChants/share]}" onto public com.yj.bj.util.YJResult com.yj.bj.controller.MerChantsController.share(java.lang.String,java.lang.String,java.lang.String)
2019-12-02 23:33:34.531  INFO 12236 --- [main] s.w.s.m.m.a.RequestMappingHandlerMapping : Mapped "{[/MerChants/setMerChantsForHtml],methods=[POST]}" onto public com.yj.bj.util.YJResult com.yj.bj.controller.MerChantsController.setMerChants(java.lang.String,java.lang.String,java.lang.String)
2019-12-02 23:33:34.531  INFO 12236 --- [main] s.w.s.m.m.a.RequestMappingHandlerMapping : Mapped "{[/MerChants/selectImageList]}" onto public com.yj.bj.util.YJResult com.yj.bj.controller.MerChantsController.getImageList(java.lang.String)
2019-12-02 23:33:34.531  INFO 12236 --- [main] s.w.s.m.m.a.RequestMappingHandlerMapping : Mapped "{[/MerChants/getMerChant],methods=[POST]}" onto public com.yj.bj.util.YJResult com.yj.bj.controller.MerChantsController.gets(java.lang.String,java.lang.String)
2019-12-02 23:33:34.531  INFO 12236 --- [main] s.w.s.m.m.a.RequestMappingHandlerMapping : Mapped "{[/MerChants/login],methods=[POST]}" onto public com.yj.bj.util.YJResult com.yj.bj.controller.MerChantsController.addMerChants(java.lang.String,java.lang.String,java.lang.String,java.lang.String)
2019-12-02 23:33:34.531  INFO 12236 --- [main] s.w.s.m.m.a.RequestMappingHandlerMapping : Mapped "{[/MerChants/getMerChantsWithMerMp],methods=[POST]}" onto public com.yj.bj.util.YJResult com.yj.bj.controller.MerChantsController.getMerChants(java.lang.String,java.lang.String,java.lang.String,java.lang.String)
2019-12-02 23:33:34.531  INFO 12236 --- [main] s.w.s.m.m.a.RequestMappingHandlerMapping : Mapped "{[/MerChants/alterMerType]}" onto public java.lang.String com.yj.bj.controller.MerChantsController.alterMerType(java.lang.String,java.lang.String,java.math.BigDecimal,java.lang.String,java.lang.String,java.lang.String)
2019-12-02 23:33:34.531  INFO 12236 --- [main] s.w.s.m.m.a.RequestMappingHandlerMapping : Mapped "{[/MerChants/mergeOrInsertForHtml],methods=[POST]}" onto public com.yj.bj.util.YJResult com.yj.bj.controller.MerChantsController.addForHtml(java.lang.String,java.lang.String,java.lang.String)
2019-12-02 23:33:34.547  INFO 12236 --- [main] s.w.s.m.m.a.RequestMappingHandlerMapping : Mapped "{[/MerChants/selectMerChantsRate]}" onto public com.yj.bj.util.YJResult com.yj.bj.controller.MerChantsController.alter(java.lang.String)
2019-12-02 23:33:34.547  INFO 12236 --- [main] s.w.s.m.m.a.RequestMappingHandlerMapping : Mapped "{[/MerChants/alterMerMp]}" onto public com.yj.bj.util.YJResult com.yj.bj.controller.MerChantsController.alterMerMp(java.lang.String,java.lang.String,java.lang.String,java.lang.String)
2019-12-02 23:33:34.547  INFO 12236 --- [main] s.w.s.m.m.a.RequestMappingHandlerMapping : Mapped "{[/MerChants/selectMerChants]}" onto public com.yj.bj.entity.MerChants com.yj.bj.controller.MerChantsController.selects(java.lang.String,java.lang.String)
2019-12-02 23:33:34.547  INFO 12236 --- [main] s.w.s.m.m.a.RequestMappingHandlerMapping : Mapped "{[/MerChants/selectGradeList]}" onto public java.util.List<com.yj.bj.entity.Mer> com.yj.bj.controller.MerChantsController.selectGradeLists(java.lang.String,java.lang.String)
2019-12-02 23:33:34.547  INFO 12236 --- [main] s.w.s.m.m.a.RequestMappingHandlerMapping : Mapped "{[/MerChants/send]}" onto public com.yj.bj.util.YJResult com.yj.bj.controller.MerChantsController.sends(java.lang.String,java.lang.String,java.lang.String)
2019-12-02 23:33:34.547  INFO 12236 --- [main] s.w.s.m.m.a.RequestMappingHandlerMapping : Mapped "{[/MerChants/selectRateLists]}" onto public java.util.List<com.yj.bj.entity.Rate> com.yj.bj.controller.MerChantsController.selectRateLists(java.lang.String,java.lang.String,java.lang.String)
2019-12-02 23:33:34.547  INFO 12236 --- [main] s.w.s.m.m.a.RequestMappingHandlerMapping : Mapped "{[/MerChants/authentication],methods=[POST]}" onto public com.yj.bj.util.YJResult com.yj.bj.controller.MerChantsController.authentication(java.lang.String,java.lang.String,java.lang.String,java.lang.String,java.lang.String,java.lang.String)
2019-12-02 23:33:34.547  INFO 12236 --- [main] s.w.s.m.m.a.RequestMappingHandlerMapping : Mapped "{[/MerChantsRate/selectMerChantsRate],methods=[POST]}" onto public com.yj.bj.entity.MerChantsRate com.yj.bj.controller.MerChantsRateController.selectAgent(java.lang.String,java.lang.String)
2019-12-02 23:33:34.547  INFO 12236 --- [main] s.w.s.m.m.a.RequestMappingHandlerMapping : Mapped "{[/MerChantsRate/selectRateList],methods=[POST]}" onto public java.util.List<com.yj.bj.entity.MerChantsRate> com.yj.bj.controller.MerChantsRateController.selects(java.lang.String,java.lang.String)
2019-12-02 23:33:34.547  INFO 12236 --- [main] s.w.s.m.m.a.RequestMappingHandlerMapping : Mapped "{[/News/selectNewsList],methods=[POST]}" onto public com.yj.bj.util.YJResult com.yj.bj.controller.NewsController.get(java.lang.String,java.lang.Integer,java.lang.Integer,java.lang.String,java.lang.String)
2019-12-02 23:33:34.547  INFO 12236 --- [main] s.w.s.m.m.a.RequestMappingHandlerMapping : Mapped "{[/News/sends],methods=[POST]}" onto public java.lang.String com.yj.bj.controller.NewsController.sends(java.lang.String,java.lang.String)
2019-12-02 23:33:34.547  INFO 12236 --- [main] s.w.s.m.m.a.RequestMappingHandlerMapping : Mapped "{[/Num/selectNum],methods=[POST]}" onto public com.yj.bj.util.YJResult com.yj.bj.controller.NumController.get(java.lang.String)
2019-12-02 23:33:34.547  INFO 12236 --- [main] s.w.s.m.m.a.RequestMappingHandlerMapping : Mapped "{[/OCRPay/charging]}" onto public com.alibaba.fastjson.JSONObject com.yj.bj.controller.OcrPay.charging(java.lang.String,java.lang.String)
2019-12-02 23:33:34.547  INFO 12236 --- [main] s.w.s.m.m.a.RequestMappingHandlerMapping : Mapped "{[/Order/select]}" onto public com.yj.bj.util.YJResult com.yj.bj.controller.OrderController.select(java.lang.String,java.lang.String,java.lang.String,java.lang.String,java.lang.String,java.lang.String,java.lang.String,java.lang.Long,java.lang.String,java.lang.String,java.lang.String,java.lang.String,java.lang.Long,java.lang.Long)
2019-12-02 23:33:34.547  INFO 12236 --- [main] s.w.s.m.m.a.RequestMappingHandlerMapping : Mapped "{[/Order/alter]}" onto public com.yj.bj.util.YJResult com.yj.bj.controller.OrderController.alter(java.lang.String,java.lang.String)
2019-12-02 23:33:34.547  INFO 12236 --- [main] s.w.s.m.m.a.RequestMappingHandlerMapping : Mapped "{[/Products/select]}" onto public com.yj.bj.entity.Products com.yj.bj.controller.ProductsController.select(java.lang.String,java.lang.String)
2019-12-02 23:33:34.547  INFO 12236 --- [main] s.w.s.m.m.a.RequestMappingHandlerMapping : Mapped "{[/Rates/getRatesList]}" onto public java.util.List<com.yj.bj.entity.Rates> com.yj.bj.controller.RatesController.select(java.lang.String,java.lang.String)
2019-12-02 23:33:34.547  INFO 12236 --- [main] s.w.s.m.m.a.RequestMappingHandlerMapping : Mapped "{[/Reward/getActivateReward]}" onto public com.yj.bj.entity.Reward com.yj.bj.controller.RewardController.get(java.lang.String)
2019-12-02 23:33:34.547  INFO 12236 --- [main] s.w.s.m.m.a.RequestMappingHandlerMapping : Mapped "{[/Subsidy/selectSubsidy]}" onto public com.yj.bj.entity.Subsidize com.yj.bj.controller.SubsidyController.select(java.lang.String)
2019-12-02 23:33:34.547  INFO 12236 --- [main] s.w.s.m.m.a.RequestMappingHandlerMapping : Mapped "{[/test/test]}" onto public com.yj.bj.util.YJResult com.yj.bj.controller.TestController.test(java.lang.String,java.lang.String,java.lang.String,java.lang.String,java.lang.String,java.lang.String,java.lang.String,java.lang.String,java.lang.String)
2019-12-02 23:33:34.547  INFO 12236 --- [main] s.w.s.m.m.a.RequestMappingHandlerMapping : Mapped "{[/Transactional/select]}" onto public com.yj.bj.util.YJResult com.yj.bj.controller.TransactionalController.select(java.lang.String,java.lang.String,java.lang.String,java.lang.String,java.lang.String,java.lang.String,java.lang.Long,java.lang.Long)
2019-12-02 23:33:34.547  INFO 12236 --- [main] s.w.s.m.m.a.RequestMappingHandlerMapping : Mapped "{[/Transaction/selectInstitutionId],methods=[POST]}" onto public com.yj.bj.entity.Transaction com.yj.bj.controller.TransactionController.get()
2019-12-02 23:33:34.547  INFO 12236 --- [main] s.w.s.m.m.a.RequestMappingHandlerMapping : Mapped "{[/Transaction/getTransactionList]}" onto public java.util.List<com.yj.bj.entity.Transaction> com.yj.bj.controller.TransactionController.select(java.lang.String)
2019-12-02 23:33:34.547  INFO 12236 --- [main] s.w.s.m.m.a.RequestMappingHandlerMapping : Mapped "{[/Transaction/test]}" onto public com.yj.bj.util.YJResult com.yj.bj.controller.TransactionController.select()
2019-12-02 23:33:34.562  INFO 12236 --- [main] s.w.s.m.m.a.RequestMappingHandlerMapping : Mapped "{[/Transaction/whetherAgent],methods=[POST]}" onto public com.yj.bj.util.YJResult com.yj.bj.controller.TransactionController.whetherAgent(java.lang.String,java.lang.String)
2019-12-02 23:33:34.562  INFO 12236 --- [main] s.w.s.m.m.a.RequestMappingHandlerMapping : Mapped "{[/Used/getUsed],methods=[POST]}" onto public com.yj.bj.util.YJResult com.yj.bj.controller.UsedController.get(java.lang.String)
2019-12-02 23:33:34.578  INFO 12236 --- [main] s.w.s.m.m.a.RequestMappingHandlerMapping : Mapped "{[/error]}" onto public org.springframework.http.ResponseEntity<java.util.Map<java.lang.String, java.lang.Object>> org.springframework.boot.autoconfigure.web.BasicErrorController.error(javax.servlet.http.HttpServletRequest)
2019-12-02 23:33:34.578  INFO 12236 --- [main] s.w.s.m.m.a.RequestMappingHandlerMapping : Mapped "{[/error],produces=[text/html]}" onto public org.springframework.web.servlet.ModelAndView org.springframework.boot.autoconfigure.web.BasicErrorController.errorHtml(javax.servlet.http.HttpServletRequest,javax.servlet.http.HttpServletResponse)
2019-12-02 23:33:34.625  INFO 12236 --- [main] o.s.w.s.handler.SimpleUrlHandlerMapping  : Mapped URL path [/makePlan] onto handler of type [class org.springframework.web.servlet.mvc.ParameterizableViewController]
2019-12-02 23:33:34.625  INFO 12236 --- [main] o.s.w.s.handler.SimpleUrlHandlerMapping  : Mapped URL path [/success] onto handler of type [class org.springframework.web.servlet.mvc.ParameterizableViewController]
2019-12-02 23:33:34.625  INFO 12236 --- [main] o.s.w.s.handler.SimpleUrlHandlerMapping  : Mapped URL path [/index] onto handler of type [class org.springframework.web.servlet.mvc.ParameterizableViewController]
2019-12-02 23:33:34.640  INFO 12236 --- [main] o.s.w.s.handler.SimpleUrlHandlerMapping  : Mapped URL path [/webjars/**] onto handler of type [class org.springframework.web.servlet.resource.ResourceHttpRequestHandler]
2019-12-02 23:33:34.640  INFO 12236 --- [main] o.s.w.s.handler.SimpleUrlHandlerMapping  : Mapped URL path [/**] onto handler of type [class org.springframework.web.servlet.resource.ResourceHttpRequestHandler]
2019-12-02 23:33:34.703  INFO 12236 --- [main] o.s.w.s.handler.SimpleUrlHandlerMapping  : Mapped URL path [/**/favicon.ico] onto handler of type [class org.springframework.web.servlet.resource.ResourceHttpRequestHandler]
2019-12-02 23:33:36.319  INFO 12236 --- [main] o.s.s.c.ThreadPoolTaskScheduler          : Initializing ExecutorService  'taskScheduler'
2019-12-02 23:33:36.725  INFO 12236 --- [main] o.s.b.a.e.mvc.EndpointHandlerMapping     : Mapped "{[/restart || /restart.json],methods=[POST]}" onto public java.lang.Object org.springframework.cloud.context.restart.RestartMvcEndpoint.invoke()
2019-12-02 23:33:36.725  INFO 12236 --- [main] o.s.b.a.e.mvc.EndpointHandlerMapping     : Mapped "{[/logfile || /logfile.json],methods=[GET || HEAD]}" onto public void org.springframework.boot.actuate.endpoint.mvc.LogFileMvcEndpoint.invoke(javax.servlet.http.HttpServletRequest,javax.servlet.http.HttpServletResponse) throws javax.servlet.ServletException,java.io.IOException
2019-12-02 23:33:36.725  INFO 12236 --- [main] o.s.b.a.e.mvc.EndpointHandlerMapping     : Mapped "{[/dump || /dump.json],methods=[GET],produces=[application/vnd.spring-boot.actuator.v1+json || application/json]}" onto public java.lang.Object org.springframework.boot.actuate.endpoint.mvc.EndpointMvcAdapter.invoke()
2019-12-02 23:33:36.725  INFO 12236 --- [main] o.s.b.a.e.mvc.EndpointHandlerMapping     : Mapped "{[/configprops || /configprops.json],methods=[GET],produces=[application/vnd.spring-boot.actuator.v1+json || application/json]}" onto public java.lang.Object org.springframework.boot.actuate.endpoint.mvc.EndpointMvcAdapter.invoke()
2019-12-02 23:33:36.725  INFO 12236 --- [main] o.s.b.a.e.mvc.EndpointHandlerMapping     : Mapped "{[/autoconfig || /autoconfig.json],methods=[GET],produces=[application/vnd.spring-boot.actuator.v1+json || application/json]}" onto public java.lang.Object org.springframework.boot.actuate.endpoint.mvc.EndpointMvcAdapter.invoke()
2019-12-02 23:33:36.725  INFO 12236 --- [main] o.s.b.a.e.mvc.EndpointHandlerMapping     : Mapped "{[/features || /features.json],methods=[GET],produces=[application/vnd.spring-boot.actuator.v1+json || application/json]}" onto public java.lang.Object org.springframework.boot.actuate.endpoint.mvc.EndpointMvcAdapter.invoke()
2019-12-02 23:33:36.725  INFO 12236 --- [main] o.s.b.a.e.mvc.EndpointHandlerMapping     : Mapped "{[/env/{name:.*}],methods=[GET],produces=[application/vnd.spring-boot.actuator.v1+json || application/json]}" onto public java.lang.Object org.springframework.boot.actuate.endpoint.mvc.EnvironmentMvcEndpoint.value(java.lang.String)
2019-12-02 23:33:36.725  INFO 12236 --- [main] o.s.b.a.e.mvc.EndpointHandlerMapping     : Mapped "{[/env || /env.json],methods=[GET],produces=[application/vnd.spring-boot.actuator.v1+json || application/json]}" onto public java.lang.Object org.springframework.boot.actuate.endpoint.mvc.EndpointMvcAdapter.invoke()
2019-12-02 23:33:36.725  INFO 12236 --- [main] o.s.b.a.e.mvc.EndpointHandlerMapping     : Mapped "{[/info || /info.json],methods=[GET],produces=[application/vnd.spring-boot.actuator.v1+json || application/json]}" onto public java.lang.Object org.springframework.boot.actuate.endpoint.mvc.EndpointMvcAdapter.invoke()
2019-12-02 23:33:36.725  INFO 12236 --- [main] o.s.b.a.e.mvc.EndpointHandlerMapping     : Mapped "{[/resume || /resume.json],methods=[POST]}" onto public java.lang.Object org.springframework.cloud.endpoint.GenericPostableMvcEndpoint.invoke()
2019-12-02 23:33:36.725  INFO 12236 --- [main] o.s.b.a.e.mvc.EndpointHandlerMapping     : Mapped "{[/auditevents || /auditevents.json],methods=[GET],produces=[application/vnd.spring-boot.actuator.v1+json || application/json]}" onto public org.springframework.http.ResponseEntity<?> org.springframework.boot.actuate.endpoint.mvc.AuditEventsMvcEndpoint.findByPrincipalAndAfterAndType(java.lang.String,java.util.Date,java.lang.String)
2019-12-02 23:33:36.725  INFO 12236 --- [main] o.s.b.a.e.mvc.EndpointHandlerMapping     : Mapped "{[/heapdump || /heapdump.json],methods=[GET],produces=[application/octet-stream]}" onto public void org.springframework.boot.actuate.endpoint.mvc.HeapdumpMvcEndpoint.invoke(boolean,javax.servlet.http.HttpServletRequest,javax.servlet.http.HttpServletResponse) throws java.io.IOException,javax.servlet.ServletException
2019-12-02 23:33:36.725  INFO 12236 --- [main] o.s.b.a.e.mvc.EndpointHandlerMapping     : Mapped "{[/metrics/{name:.*}],methods=[GET],produces=[application/vnd.spring-boot.actuator.v1+json || application/json]}" onto public java.lang.Object org.springframework.boot.actuate.endpoint.mvc.MetricsMvcEndpoint.value(java.lang.String)
2019-12-02 23:33:36.725  INFO 12236 --- [main] o.s.b.a.e.mvc.EndpointHandlerMapping     : Mapped "{[/metrics || /metrics.json],methods=[GET],produces=[application/vnd.spring-boot.actuator.v1+json || application/json]}" onto public java.lang.Object org.springframework.boot.actuate.endpoint.mvc.EndpointMvcAdapter.invoke()
2019-12-02 23:33:36.725  INFO 12236 --- [main] o.s.b.a.e.mvc.EndpointHandlerMapping     : Mapped "{[/beans || /beans.json],methods=[GET],produces=[application/vnd.spring-boot.actuator.v1+json || application/json]}" onto public java.lang.Object org.springframework.boot.actuate.endpoint.mvc.EndpointMvcAdapter.invoke()
2019-12-02 23:33:36.725  INFO 12236 --- [main] o.s.b.a.e.mvc.EndpointHandlerMapping     : Mapped "{[/refresh || /refresh.json],methods=[POST]}" onto public java.lang.Object org.springframework.cloud.endpoint.GenericPostableMvcEndpoint.invoke()
2019-12-02 23:33:36.725  INFO 12236 --- [main] o.s.b.a.e.mvc.EndpointHandlerMapping     : Mapped "{[/pause || /pause.json],methods=[POST]}" onto public java.lang.Object org.springframework.cloud.endpoint.GenericPostableMvcEndpoint.invoke()
2019-12-02 23:33:36.725  INFO 12236 --- [main] o.s.b.a.e.mvc.EndpointHandlerMapping     : Mapped "{[/health || /health.json],methods=[GET],produces=[application/vnd.spring-boot.actuator.v1+json || application/json]}" onto public java.lang.Object org.springframework.boot.actuate.endpoint.mvc.HealthMvcEndpoint.invoke(javax.servlet.http.HttpServletRequest,java.security.Principal)
2019-12-02 23:33:36.741  INFO 12236 --- [main] o.s.b.a.e.mvc.EndpointHandlerMapping     : Mapped "{[/mappings || /mappings.json],methods=[GET],produces=[application/vnd.spring-boot.actuator.v1+json || application/json]}" onto public java.lang.Object org.springframework.boot.actuate.endpoint.mvc.EndpointMvcAdapter.invoke()
2019-12-02 23:33:36.741  INFO 12236 --- [main] o.s.b.a.e.mvc.EndpointHandlerMapping     : Mapped "{[/loggers/{name:.*}],methods=[GET],produces=[application/vnd.spring-boot.actuator.v1+json || application/json]}" onto public java.lang.Object org.springframework.boot.actuate.endpoint.mvc.LoggersMvcEndpoint.get(java.lang.String)
2019-12-02 23:33:36.741  INFO 12236 --- [main] o.s.b.a.e.mvc.EndpointHandlerMapping     : Mapped "{[/loggers/{name:.*}],methods=[POST],consumes=[application/vnd.spring-boot.actuator.v1+json || application/json],produces=[application/vnd.spring-boot.actuator.v1+json || application/json]}" onto public java.lang.Object org.springframework.boot.actuate.endpoint.mvc.LoggersMvcEndpoint.set(java.lang.String,java.util.Map<java.lang.String, java.lang.String>)
2019-12-02 23:33:36.741  INFO 12236 --- [main] o.s.b.a.e.mvc.EndpointHandlerMapping     : Mapped "{[/loggers || /loggers.json],methods=[GET],produces=[application/vnd.spring-boot.actuator.v1+json || application/json]}" onto public java.lang.Object org.springframework.boot.actuate.endpoint.mvc.EndpointMvcAdapter.invoke()
2019-12-02 23:33:36.741  INFO 12236 --- [main] o.s.b.a.e.mvc.EndpointHandlerMapping     : Mapped "{[/env],methods=[POST]}" onto public java.lang.Object org.springframework.cloud.context.environment.EnvironmentManagerMvcEndpoint.value(java.util.Map<java.lang.String, java.lang.String>)
2019-12-02 23:33:36.741  INFO 12236 --- [main] o.s.b.a.e.mvc.EndpointHandlerMapping     : Mapped "{[/env/reset],methods=[POST]}" onto public java.util.Map<java.lang.String, java.lang.Object> org.springframework.cloud.context.environment.EnvironmentManagerMvcEndpoint.reset()
2019-12-02 23:33:36.741  INFO 12236 --- [main] o.s.b.a.e.mvc.EndpointHandlerMapping     : Mapped "{[/trace || /trace.json],methods=[GET],produces=[application/vnd.spring-boot.actuator.v1+json || application/json]}" onto public java.lang.Object org.springframework.boot.actuate.endpoint.mvc.EndpointMvcAdapter.invoke()
2019-12-02 23:33:36.741  INFO 12236 --- [main] o.s.b.a.e.mvc.EndpointHandlerMapping     : Mapped "{[/archaius || /archaius.json],methods=[GET],produces=[application/vnd.spring-boot.actuator.v1+json || application/json]}" onto public java.lang.Object org.springframework.boot.actuate.endpoint.mvc.EndpointMvcAdapter.invoke()
2019-12-02 23:33:36.741  INFO 12236 --- [main] o.s.b.a.e.mvc.EndpointHandlerMapping     : Mapped "{[/service-registry/instance-status],methods=[GET]}" onto public org.springframework.http.ResponseEntity org.springframework.cloud.client.serviceregistry.endpoint.ServiceRegistryEndpoint.getStatus()
2019-12-02 23:33:36.741  INFO 12236 --- [main] o.s.b.a.e.mvc.EndpointHandlerMapping     : Mapped "{[/service-registry/instance-status],methods=[POST]}" onto public org.springframework.http.ResponseEntity<?> org.springframework.cloud.client.serviceregistry.endpoint.ServiceRegistryEndpoint.setStatus(java.lang.String)
2019-12-02 23:33:37.179  INFO 12236 --- [main] o.s.i.codec.kryo.CompositeKryoRegistrar  : configured Kryo registration [40, java.io.File] with serializer org.springframework.integration.codec.kryo.FileSerializer
2019-12-02 23:33:37.303  INFO 12236 --- [main] o.s.j.e.a.AnnotationMBeanExporter        : Registering beans for JMX exposure on startup
2019-12-02 23:33:37.303  INFO 12236 --- [main] o.s.j.e.a.AnnotationMBeanExporter        : Bean with name 'dataSource' has been autodetected for JMX exposure
2019-12-02 23:33:37.319  INFO 12236 --- [main] o.s.j.e.a.AnnotationMBeanExporter        : Bean with name 'environmentManager' has been autodetected for JMX exposure
2019-12-02 23:33:37.319  INFO 12236 --- [main] o.s.j.e.a.AnnotationMBeanExporter        : Bean with name 'integrationMbeanExporter' has been autodetected for JMX exposure
2019-12-02 23:33:37.319  INFO 12236 --- [main] o.s.j.e.a.AnnotationMBeanExporter        : Bean with name 'rabbitConnectionFactory' has been autodetected for JMX exposure
2019-12-02 23:33:37.319  INFO 12236 --- [main] o.s.j.e.a.AnnotationMBeanExporter        : Bean with name 'configurationPropertiesRebinder' has been autodetected for JMX exposure
2019-12-02 23:33:37.319  INFO 12236 --- [main] o.s.j.e.a.AnnotationMBeanExporter        : Bean with name 'refreshEndpoint' has been autodetected for JMX exposure
2019-12-02 23:33:37.319  INFO 12236 --- [main] o.s.j.e.a.AnnotationMBeanExporter        : Bean with name 'restartEndpoint' has been autodetected for JMX exposure
2019-12-02 23:33:37.319  INFO 12236 --- [main] o.s.j.e.a.AnnotationMBeanExporter        : Bean with name 'serviceRegistryEndpoint' has been autodetected for JMX exposure
2019-12-02 23:33:37.319  INFO 12236 --- [main] o.s.j.e.a.AnnotationMBeanExporter        : Bean with name 'refreshScope' has been autodetected for JMX exposure
2019-12-02 23:33:37.319  INFO 12236 --- [main] o.s.j.e.a.AnnotationMBeanExporter        : Located managed bean 'integrationMbeanExporter': registering with JMX server as MBean [org.springframework.integration.monitor:name=integrationMbeanExporter,type=IntegrationMBeanExporter]
2019-12-02 23:33:37.350  INFO 12236 --- [main] o.s.j.e.a.AnnotationMBeanExporter        : Located managed bean 'environmentManager': registering with JMX server as MBean [org.springframework.cloud.context.environment:name=environmentManager,type=EnvironmentManager]
2019-12-02 23:33:37.366  INFO 12236 --- [main] o.s.j.e.a.AnnotationMBeanExporter        : Located managed bean 'refreshScope': registering with JMX server as MBean [org.springframework.cloud.context.scope.refresh:name=refreshScope,type=RefreshScope]
2019-12-02 23:33:37.366  INFO 12236 --- [main] o.s.j.e.a.AnnotationMBeanExporter        : Located MBean 'dataSource': registering with JMX server as MBean [com.alibaba.druid.pool:name=dataSource,type=DruidDataSource]
2019-12-02 23:33:37.366  INFO 12236 --- [main] o.s.j.e.a.AnnotationMBeanExporter        : Located managed bean 'restartEndpoint': registering with JMX server as MBean [org.springframework.cloud.context.restart:name=restartEndpoint,type=RestartEndpoint]
2019-12-02 23:33:37.382  INFO 12236 --- [main] o.s.j.e.a.AnnotationMBeanExporter        : Located managed bean 'rabbitConnectionFactory': registering with JMX server as MBean [org.springframework.amqp.rabbit.connection:name=rabbitConnectionFactory,type=CachingConnectionFactory]
2019-12-02 23:33:37.382  INFO 12236 --- [main] o.s.j.e.a.AnnotationMBeanExporter        : Located managed bean 'serviceRegistryEndpoint': registering with JMX server as MBean [org.springframework.cloud.client.serviceregistry.endpoint:name=serviceRegistryEndpoint,type=ServiceRegistryEndpoint]
2019-12-02 23:33:37.397  INFO 12236 --- [main] o.s.j.e.a.AnnotationMBeanExporter        : Located managed bean 'refreshEndpoint': registering with JMX server as MBean [org.springframework.cloud.endpoint:name=refreshEndpoint,type=RefreshEndpoint]
2019-12-02 23:33:37.397  INFO 12236 --- [main] o.s.j.e.a.AnnotationMBeanExporter        : Located managed bean 'configurationPropertiesRebinder': registering with JMX server as MBean [org.springframework.cloud.context.properties:name=configurationPropertiesRebinder,context=37e75865,type=ConfigurationPropertiesRebinder]
2019-12-02 23:33:37.413  INFO 12236 --- [main] o.s.i.monitor.IntegrationMBeanExporter   : Registering beans for JMX exposure on startup
2019-12-02 23:33:37.413  INFO 12236 --- [main] o.s.i.monitor.IntegrationMBeanExporter   : Registering MessageChannel errorChannel
2019-12-02 23:33:37.413  INFO 12236 --- [main] o.s.i.monitor.IntegrationMBeanExporter   : Located managed bean 'org.springframework.integration:type=MessageChannel,name=errorChannel': registering with JMX server as MBean [org.springframework.integration:type=MessageChannel,name=errorChannel]
2019-12-02 23:33:37.460  INFO 12236 --- [main] o.s.i.monitor.IntegrationMBeanExporter   : Registering MessageChannel nullChannel
2019-12-02 23:33:37.475  INFO 12236 --- [main] o.s.i.monitor.IntegrationMBeanExporter   : Located managed bean 'org.springframework.integration:type=MessageChannel,name=nullChannel': registering with JMX server as MBean [org.springframework.integration:type=MessageChannel,name=nullChannel]
2019-12-02 23:33:37.491  INFO 12236 --- [main] o.s.i.monitor.IntegrationMBeanExporter   : Registering MessageHandler errorLogger
2019-12-02 23:33:37.491  INFO 12236 --- [main] o.s.i.monitor.IntegrationMBeanExporter   : Located managed bean 'org.springframework.integration:type=MessageHandler,name=errorLogger,bean=internal': registering with JMX server as MBean [org.springframework.integration:type=MessageHandler,name=errorLogger,bean=internal]
2019-12-02 23:33:37.696  INFO 12236 --- [main] o.s.c.support.DefaultLifecycleProcessor  : Starting beans in phase 0
2019-12-02 23:33:37.696  INFO 12236 --- [main] o.s.c.n.eureka.InstanceInfoFactory       : Setting initial instance status as: STARTING
2019-12-02 23:33:37.727  INFO 12236 --- [main] com.netflix.discovery.DiscoveryClient    : Initializing Eureka in region us-east-1
2019-12-02 23:33:37.774  INFO 12236 --- [main] c.n.d.provider.DiscoveryJerseyProvider   : Using JSON encoding codec LegacyJacksonJson
2019-12-02 23:33:37.774  INFO 12236 --- [main] c.n.d.provider.DiscoveryJerseyProvider   : Using JSON decoding codec LegacyJacksonJson
2019-12-02 23:33:37.852  INFO 12236 --- [main] c.n.d.provider.DiscoveryJerseyProvider   : Using XML encoding codec XStreamXml
2019-12-02 23:33:37.852  INFO 12236 --- [main] c.n.d.provider.DiscoveryJerseyProvider   : Using XML decoding codec XStreamXml
2019-12-02 23:33:37.993  INFO 12236 --- [main] c.n.d.s.r.aws.ConfigClusterResolver      : Resolving eureka endpoints via configuration
2019-12-02 23:33:38.133  INFO 12236 --- [main] com.netflix.discovery.DiscoveryClient    : Disable delta property : false
2019-12-02 23:33:38.133  INFO 12236 --- [main] com.netflix.discovery.DiscoveryClient    : Single vip registry refresh property : null
2019-12-02 23:33:38.133  INFO 12236 --- [main] com.netflix.discovery.DiscoveryClient    : Force full registry fetch : false
2019-12-02 23:33:38.133  INFO 12236 --- [main] com.netflix.discovery.DiscoveryClient    : Application is null : false
2019-12-02 23:33:38.133  INFO 12236 --- [main] com.netflix.discovery.DiscoveryClient    : Registered Applications size is zero : true
2019-12-02 23:33:38.133  INFO 12236 --- [main] com.netflix.discovery.DiscoveryClient    : Application version is -1: true
2019-12-02 23:33:38.133  INFO 12236 --- [main] com.netflix.discovery.DiscoveryClient    : Getting all instance registry info from the eureka server
2019-12-02 23:33:38.603  INFO 12236 --- [main] com.netflix.discovery.DiscoveryClient    : The response status is 200
2019-12-02 23:33:38.603  INFO 12236 --- [main] com.netflix.discovery.DiscoveryClient    : Starting heartbeat executor: renew interval is: 30
2019-12-02 23:33:38.603  INFO 12236 --- [main] c.n.discovery.InstanceInfoReplicator     : InstanceInfoReplicator onDemand update allowed rate per min is 4
2019-12-02 23:33:38.603  INFO 12236 --- [main] com.netflix.discovery.DiscoveryClient    : Discovery Client initialized at timestamp 1575300818603 with initial instances count: 74
2019-12-02 23:33:38.634  INFO 12236 --- [main] o.s.c.n.e.s.EurekaServiceRegistry        : Registering application hkjgj with eureka with status UP
2019-12-02 23:33:38.634  INFO 12236 --- [main] com.netflix.discovery.DiscoveryClient    : Saw local status change event StatusChangeEvent [timestamp=1575300818634, current=UP, previous=STARTING]
2019-12-02 23:33:38.634  INFO 12236 --- [DiscoveryClient-InstanceInfoReplicator-0] com.netflix.discovery.DiscoveryClient    : DiscoveryClient_HKJGJ/hkjgj:192.168.43.244:80: registering service...
2019-12-02 23:33:38.697  INFO 12236 --- [main] o.s.i.endpoint.EventDrivenConsumer       : Adding {logging-channel-adapter:_org.springframework.integration.errorLogger} as a subscriber to the 'errorChannel' channel
2019-12-02 23:33:38.697  INFO 12236 --- [main] o.s.i.channel.PublishSubscribeChannel    : Channel 'hkjgj:dev:80.errorChannel' has 1 subscriber(s).
2019-12-02 23:33:38.697  INFO 12236 --- [main] o.s.i.endpoint.EventDrivenConsumer       : started _org.springframework.integration.errorLogger
2019-12-02 23:33:38.697  INFO 12236 --- [main] o.s.c.support.DefaultLifecycleProcessor  : Starting beans in phase 2147483647
2019-12-02 23:33:38.713  INFO 12236 --- [DiscoveryClient-InstanceInfoReplicator-0] com.netflix.discovery.DiscoveryClient    : DiscoveryClient_HKJGJ/hkjgj:192.168.43.244:80 - registration status: 204
2019-12-02 23:33:38.759  INFO 12236 --- [main] s.b.c.e.t.TomcatEmbeddedServletContainer : Tomcat started on port(s): 80 (http)
2019-12-02 23:33:38.759  INFO 12236 --- [main] .s.c.n.e.s.EurekaAutoServiceRegistration : Updating port to 80
2019-12-02 23:33:38.759  INFO 12236 --- [main] com.yj.bj.HKJGJServerApplication         : Started HKJGJServerApplication in 10.637 seconds (JVM running for 11.45)
2019-12-02 23:33:43.205  WARN 12236 --- [RMI TCP Connection(4)-127.0.0.1] o.s.b.a.health.RabbitHealthIndicator     : Health check failed

org.springframework.amqp.AmqpConnectException: java.net.ConnectException: Connection refused: connect
	at org.springframework.amqp.rabbit.support.RabbitExceptionTranslator.convertRabbitAccessException(RabbitExceptionTranslator.java:62) ~[spring-rabbit-1.7.4.RELEASE.jar:na]
	at org.springframework.amqp.rabbit.connection.AbstractConnectionFactory.createBareConnection(AbstractConnectionFactory.java:368) ~[spring-rabbit-1.7.4.RELEASE.jar:na]
	at org.springframework.amqp.rabbit.connection.CachingConnectionFactory.createConnection(CachingConnectionFactory.java:573) ~[spring-rabbit-1.7.4.RELEASE.jar:na]
	at org.springframework.amqp.rabbit.core.RabbitTemplate.doExecute(RabbitTemplate.java:1430) ~[spring-rabbit-1.7.4.RELEASE.jar:na]
	at org.springframework.amqp.rabbit.core.RabbitTemplate.execute(RabbitTemplate.java:1411) ~[spring-rabbit-1.7.4.RELEASE.jar:na]
	at org.springframework.amqp.rabbit.core.RabbitTemplate.execute(RabbitTemplate.java:1387) ~[spring-rabbit-1.7.4.RELEASE.jar:na]
	at org.springframework.boot.actuate.health.RabbitHealthIndicator.getVersion(RabbitHealthIndicator.java:49) ~[spring-boot-actuator-1.5.9.RELEASE.jar:1.5.9.RELEASE]
	at org.springframework.boot.actuate.health.RabbitHealthIndicator.doHealthCheck(RabbitHealthIndicator.java:45) ~[spring-boot-actuator-1.5.9.RELEASE.jar:1.5.9.RELEASE]
	at org.springframework.boot.actuate.health.AbstractHealthIndicator.health(AbstractHealthIndicator.java:43) ~[spring-boot-actuator-1.5.9.RELEASE.jar:1.5.9.RELEASE]
	at org.springframework.boot.actuate.health.CompositeHealthIndicator.health(CompositeHealthIndicator.java:68) [spring-boot-actuator-1.5.9.RELEASE.jar:1.5.9.RELEASE]
	at org.springframework.boot.actuate.endpoint.HealthEndpoint.invoke(HealthEndpoint.java:85) [spring-boot-actuator-1.5.9.RELEASE.jar:1.5.9.RELEASE]
	at org.springframework.boot.actuate.endpoint.HealthEndpoint.invoke(HealthEndpoint.java:35) [spring-boot-actuator-1.5.9.RELEASE.jar:1.5.9.RELEASE]
	at org.springframework.boot.actuate.endpoint.jmx.DataEndpointMBean.getData(DataEndpointMBean.java:46) [spring-boot-actuator-1.5.9.RELEASE.jar:1.5.9.RELEASE]
	at sun.reflect.NativeMethodAccessorImpl.invoke0(Native Method) ~[na:1.7.0_80]
	at sun.reflect.NativeMethodAccessorImpl.invoke(NativeMethodAccessorImpl.java:57) ~[na:1.7.0_80]
	at sun.reflect.DelegatingMethodAccessorImpl.invoke(DelegatingMethodAccessorImpl.java:43) ~[na:1.7.0_80]
	at java.lang.reflect.Method.invoke(Method.java:606) ~[na:1.7.0_80]
	at sun.reflect.misc.Trampoline.invoke(MethodUtil.java:75) [na:1.7.0_80]
	at sun.reflect.GeneratedMethodAccessor152.invoke(Unknown Source) ~[na:na]
	at sun.reflect.DelegatingMethodAccessorImpl.invoke(DelegatingMethodAccessorImpl.java:43) ~[na:1.7.0_80]
	at java.lang.reflect.Method.invoke(Method.java:606) ~[na:1.7.0_80]
	at sun.reflect.misc.MethodUtil.invoke(MethodUtil.java:279) [na:1.7.0_80]
	at javax.management.modelmbean.RequiredModelMBean$4.run(RequiredModelMBean.java:1249) [na:1.7.0_80]
	at java.security.AccessController.doPrivileged(Native Method) [na:1.7.0_80]
	at java.security.ProtectionDomain$1.doIntersectionPrivilege(ProtectionDomain.java:76) [na:1.7.0_80]
	at javax.management.modelmbean.RequiredModelMBean.invokeMethod(RequiredModelMBean.java:1243) [na:1.7.0_80]
	at javax.management.modelmbean.RequiredModelMBean.invoke(RequiredModelMBean.java:1081) [na:1.7.0_80]
	at org.springframework.jmx.export.SpringModelMBean.invoke(SpringModelMBean.java:90) [spring-context-4.3.13.RELEASE.jar:4.3.13.RELEASE]
	at javax.management.modelmbean.RequiredModelMBean.getAttribute(RequiredModelMBean.java:1558) [na:1.7.0_80]
	at org.springframework.jmx.export.SpringModelMBean.getAttribute(SpringModelMBean.java:109) [spring-context-4.3.13.RELEASE.jar:4.3.13.RELEASE]
	at com.sun.jmx.interceptor.DefaultMBeanServerInterceptor.getAttribute(DefaultMBeanServerInterceptor.java:647) [na:1.7.0_80]
	at com.sun.jmx.mbeanserver.JmxMBeanServer.getAttribute(JmxMBeanServer.java:678) [na:1.7.0_80]
	at javax.management.remote.rmi.RMIConnectionImpl.doOperation(RMIConnectionImpl.java:1464) [na:1.7.0_80]
	at javax.management.remote.rmi.RMIConnectionImpl.access$300(RMIConnectionImpl.java:97) [na:1.7.0_80]
	at javax.management.remote.rmi.RMIConnectionImpl$PrivilegedOperation.run(RMIConnectionImpl.java:1328) [na:1.7.0_80]
	at javax.management.remote.rmi.RMIConnectionImpl.doPrivilegedOperation(RMIConnectionImpl.java:1420) [na:1.7.0_80]
	at javax.management.remote.rmi.RMIConnectionImpl.getAttribute(RMIConnectionImpl.java:657) [na:1.7.0_80]
	at sun.reflect.GeneratedMethodAccessor102.invoke(Unknown Source) ~[na:na]
	at sun.reflect.DelegatingMethodAccessorImpl.invoke(DelegatingMethodAccessorImpl.java:43) ~[na:1.7.0_80]
	at java.lang.reflect.Method.invoke(Method.java:606) ~[na:1.7.0_80]
	at sun.rmi.server.UnicastServerRef.dispatch(UnicastServerRef.java:322) [na:1.7.0_80]
	at sun.rmi.transport.Transport$2.run(Transport.java:202) [na:1.7.0_80]
	at sun.rmi.transport.Transport$2.run(Transport.java:199) [na:1.7.0_80]
	at java.security.AccessController.doPrivileged(Native Method) [na:1.7.0_80]
	at sun.rmi.transport.Transport.serviceCall(Transport.java:198) [na:1.7.0_80]
	at sun.rmi.transport.tcp.TCPTransport.handleMessages(TCPTransport.java:567) [na:1.7.0_80]
	at sun.rmi.transport.tcp.TCPTransport$ConnectionHandler.run0(TCPTransport.java:828) [na:1.7.0_80]
	at sun.rmi.transport.tcp.TCPTransport$ConnectionHandler.access$400(TCPTransport.java:619) [na:1.7.0_80]
	at sun.rmi.transport.tcp.TCPTransport$ConnectionHandler$1.run(TCPTransport.java:684) [na:1.7.0_80]
	at sun.rmi.transport.tcp.TCPTransport$ConnectionHandler$1.run(TCPTransport.java:681) [na:1.7.0_80]
	at java.security.AccessController.doPrivileged(Native Method) [na:1.7.0_80]
	at sun.rmi.transport.tcp.TCPTransport$ConnectionHandler.run(TCPTransport.java:681) [na:1.7.0_80]
	at java.util.concurrent.ThreadPoolExecutor.runWorker(ThreadPoolExecutor.java:1145) [na:1.7.0_80]
	at java.util.concurrent.ThreadPoolExecutor$Worker.run(ThreadPoolExecutor.java:615) [na:1.7.0_80]
	at java.lang.Thread.run(Thread.java:745) [na:1.7.0_80]
Caused by: java.net.ConnectException: Connection refused: connect
	at java.net.DualStackPlainSocketImpl.waitForConnect(Native Method) ~[na:1.7.0_80]
	at java.net.DualStackPlainSocketImpl.socketConnect(DualStackPlainSocketImpl.java:85) ~[na:1.7.0_80]
	at java.net.AbstractPlainSocketImpl.doConnect(AbstractPlainSocketImpl.java:339) ~[na:1.7.0_80]
	at java.net.AbstractPlainSocketImpl.connectToAddress(AbstractPlainSocketImpl.java:200) ~[na:1.7.0_80]
	at java.net.AbstractPlainSocketImpl.connect(AbstractPlainSocketImpl.java:182) ~[na:1.7.0_80]
	at java.net.PlainSocketImpl.connect(PlainSocketImpl.java:172) ~[na:1.7.0_80]
	at java.net.SocksSocketImpl.connect(SocksSocketImpl.java:392) ~[na:1.7.0_80]
	at java.net.Socket.connect(Socket.java:579) ~[na:1.7.0_80]
	at com.rabbitmq.client.impl.SocketFrameHandlerFactory.create(SocketFrameHandlerFactory.java:50) ~[amqp-client-4.0.3.jar:4.0.3]
	at com.rabbitmq.client.ConnectionFactory.newConnection(ConnectionFactory.java:907) ~[amqp-client-4.0.3.jar:4.0.3]
	at com.rabbitmq.client.ConnectionFactory.newConnection(ConnectionFactory.java:859) ~[amqp-client-4.0.3.jar:4.0.3]
	at com.rabbitmq.client.ConnectionFactory.newConnection(ConnectionFactory.java:799) ~[amqp-client-4.0.3.jar:4.0.3]
	at org.springframework.amqp.rabbit.connection.AbstractConnectionFactory.createBareConnection(AbstractConnectionFactory.java:352) ~[spring-rabbit-1.7.4.RELEASE.jar:na]
	... 53 common frames omitted

2019-12-02 23:33:43.268  INFO 12236 --- [RMI TCP Connection(4)-127.0.0.1] com.alibaba.druid.pool.DruidDataSource   : {dataSource-1} inited
2019-12-03 13:40:01.491  INFO 7896 --- [main] com.yj.bj.HKJGJServerApplication         : The following profiles are active: dev
2019-12-03 13:40:01.515  INFO 7896 --- [main] ationConfigEmbeddedWebApplicationContext : Refreshing org.springframework.boot.context.embedded.AnnotationConfigEmbeddedWebApplicationContext@b4fb039: startup date [Tue Dec 03 13:40:01 CST 2019]; parent: org.springframework.context.annotation.AnnotationConfigApplicationContext@22b0f5af
2019-12-03 13:40:03.690  INFO 7896 --- [main] o.s.i.config.IntegrationRegistrar        : No bean named 'integrationHeaderChannelRegistry' has been explicitly defined. Therefore, a default DefaultHeaderChannelRegistry will be created.
2019-12-03 13:40:04.283  INFO 7896 --- [main] o.s.cloud.context.scope.GenericScope     : BeanFactory id=b8650e14-770c-32d7-90ea-bdee5ab6d155
2019-12-03 13:40:04.304  INFO 7896 --- [main] faultConfiguringBeanFactoryPostProcessor : No bean named 'errorChannel' has been explicitly defined. Therefore, a default PublishSubscribeChannel will be created.
2019-12-03 13:40:04.316  INFO 7896 --- [main] faultConfiguringBeanFactoryPostProcessor : No bean named 'taskScheduler' has been explicitly defined. Therefore, a default ThreadPoolTaskScheduler will be created.
2019-12-03 13:40:04.338  INFO 7896 --- [main] f.a.AutowiredAnnotationBeanPostProcessor : JSR-330 'javax.inject.Inject' annotation found and supported for autowiring
2019-12-03 13:40:04.466  INFO 7896 --- [main] trationDelegate$BeanPostProcessorChecker : Bean 'org.springframework.amqp.rabbit.annotation.RabbitBootstrapConfiguration' of type [org.springframework.amqp.rabbit.annotation.RabbitBootstrapConfiguration$$EnhancerBySpringCGLIB$$aadecbf7] is not eligible for getting processed by all BeanPostProcessors (for example: not eligible for auto-proxying)
2019-12-03 13:40:04.532  INFO 7896 --- [main] trationDelegate$BeanPostProcessorChecker : Bean 'org.springframework.cloud.netflix.metrics.MetricsInterceptorConfiguration$MetricsRestTemplateConfiguration' of type [org.springframework.cloud.netflix.metrics.MetricsInterceptorConfiguration$MetricsRestTemplateConfiguration$$EnhancerBySpringCGLIB$$169fb40a] is not eligible for getting processed by all BeanPostProcessors (for example: not eligible for auto-proxying)
2019-12-03 13:40:04.549  INFO 7896 --- [main] trationDelegate$BeanPostProcessorChecker : Bean 'org.springframework.transaction.annotation.ProxyTransactionManagementConfiguration' of type [org.springframework.transaction.annotation.ProxyTransactionManagementConfiguration$$EnhancerBySpringCGLIB$$e4730dc9] is not eligible for getting processed by all BeanPostProcessors (for example: not eligible for auto-proxying)
2019-12-03 13:40:04.625  INFO 7896 --- [main] trationDelegate$BeanPostProcessorChecker : Bean 'integrationGlobalProperties' of type [org.springframework.beans.factory.config.PropertiesFactoryBean] is not eligible for getting processed by all BeanPostProcessors (for example: not eligible for auto-proxying)
2019-12-03 13:40:04.626  INFO 7896 --- [main] trationDelegate$BeanPostProcessorChecker : Bean 'integrationGlobalProperties' of type [java.util.Properties] is not eligible for getting processed by all BeanPostProcessors (for example: not eligible for auto-proxying)
2019-12-03 13:40:04.661  INFO 7896 --- [main] trationDelegate$BeanPostProcessorChecker : Bean 'org.springframework.cloud.autoconfigure.ConfigurationPropertiesRebinderAutoConfiguration' of type [org.springframework.cloud.autoconfigure.ConfigurationPropertiesRebinderAutoConfiguration$$EnhancerBySpringCGLIB$$8d10c6] is not eligible for getting processed by all BeanPostProcessors (for example: not eligible for auto-proxying)
2019-12-03 13:40:05.037  INFO 7896 --- [main] s.b.c.e.t.TomcatEmbeddedServletContainer : Tomcat initialized with port(s): 80 (http)
2019-12-03 13:40:05.046  INFO 7896 --- [main] o.apache.catalina.core.StandardService   : Starting service [Tomcat]
2019-12-03 13:40:05.046  INFO 7896 --- [main] org.apache.catalina.core.StandardEngine  : Starting Servlet Engine: Apache Tomcat/8.5.23
2019-12-03 13:40:05.191  INFO 7896 --- [localhost-startStop-1] o.a.c.c.C.[.[localhost].[/yj-mer]        : Initializing Spring embedded WebApplicationContext
2019-12-03 13:40:05.192  INFO 7896 --- [localhost-startStop-1] o.s.web.context.ContextLoader            : Root WebApplicationContext: initialization completed in 3677 ms
2019-12-03 13:40:05.517  INFO 7896 --- [localhost-startStop-1] o.s.b.w.servlet.FilterRegistrationBean   : Mapping filter: 'metricsFilter' to: [/*]
2019-12-03 13:40:05.518  INFO 7896 --- [localhost-startStop-1] o.s.b.w.servlet.FilterRegistrationBean   : Mapping filter: 'characterEncodingFilter' to: [/*]
2019-12-03 13:40:05.518  INFO 7896 --- [localhost-startStop-1] o.s.b.w.servlet.FilterRegistrationBean   : Mapping filter: 'hiddenHttpMethodFilter' to: [/*]
2019-12-03 13:40:05.518  INFO 7896 --- [localhost-startStop-1] o.s.b.w.servlet.FilterRegistrationBean   : Mapping filter: 'httpPutFormContentFilter' to: [/*]
2019-12-03 13:40:05.518  INFO 7896 --- [localhost-startStop-1] o.s.b.w.servlet.FilterRegistrationBean   : Mapping filter: 'requestContextFilter' to: [/*]
2019-12-03 13:40:05.518  INFO 7896 --- [localhost-startStop-1] o.s.b.w.servlet.FilterRegistrationBean   : Mapping filter: 'webRequestLoggingFilter' to: [/*]
2019-12-03 13:40:05.518  INFO 7896 --- [localhost-startStop-1] o.s.b.w.servlet.FilterRegistrationBean   : Mapping filter: 'tokenFilter' to urls: [/*]
2019-12-03 13:40:05.518  INFO 7896 --- [localhost-startStop-1] o.s.b.w.servlet.FilterRegistrationBean   : Mapping filter: 'applicationContextIdFilter' to: [/*]
2019-12-03 13:40:05.518  INFO 7896 --- [localhost-startStop-1] o.s.b.w.servlet.ServletRegistrationBean  : Mapping servlet: 'dispatcherServlet' to [/]
2019-12-03 13:40:07.994  WARN 7896 --- [main] c.n.c.sources.URLConfigurationSource     : No URLs will be polled as dynamic configuration sources.
2019-12-03 13:40:07.994  INFO 7896 --- [main] c.n.c.sources.URLConfigurationSource     : To enable URLs as dynamic configuration sources, define System property archaius.configurationSource.additionalUrls or make config.properties available on classpath.
2019-12-03 13:40:07.999  WARN 7896 --- [main] c.n.c.sources.URLConfigurationSource     : No URLs will be polled as dynamic configuration sources.
2019-12-03 13:40:08.000  INFO 7896 --- [main] c.n.c.sources.URLConfigurationSource     : To enable URLs as dynamic configuration sources, define System property archaius.configurationSource.additionalUrls or make config.properties available on classpath.
2019-12-03 13:40:08.486  INFO 7896 --- [main] s.w.s.m.m.a.RequestMappingHandlerAdapter : Looking for @ControllerAdvice: org.springframework.boot.context.embedded.AnnotationConfigEmbeddedWebApplicationContext@b4fb039: startup date [Tue Dec 03 13:40:01 CST 2019]; parent: org.springframework.context.annotation.AnnotationConfigApplicationContext@22b0f5af
2019-12-03 13:40:08.576  INFO 7896 --- [main] s.w.s.m.m.a.RequestMappingHandlerMapping : Mapped "{[/AgentRate/getAgentRateList]}" onto public java.util.List<com.yj.bj.entity.AgentRate> com.yj.bj.controller.AgentRateController.select(java.lang.String,java.lang.String)
2019-12-03 13:40:08.578  INFO 7896 --- [main] s.w.s.m.m.a.RequestMappingHandlerMapping : Mapped "{[/FindAreaById/findArea]}" onto public com.yj.bj.util.YJResult com.yj.bj.controller.AreaFindController.findArea(java.lang.String)
2019-12-03 13:40:08.579  INFO 7896 --- [main] s.w.s.m.m.a.RequestMappingHandlerMapping : Mapped "{[/Attestation/test],methods=[POST]}" onto public com.yj.bj.util.YJResult com.yj.bj.controller.AttestationController.test(java.lang.String,java.lang.String,java.lang.String,java.lang.String,java.lang.String,java.lang.String)
2019-12-03 13:40:08.580  INFO 7896 --- [main] s.w.s.m.m.a.RequestMappingHandlerMapping : Mapped "{[/Attestation/attestation],methods=[POST]}" onto public com.yj.bj.util.YJResult com.yj.bj.controller.AttestationController.attestation(java.lang.String,java.lang.String,java.lang.String,java.lang.String,java.lang.String,java.lang.String,java.lang.String)
2019-12-03 13:40:08.581  INFO 7896 --- [main] s.w.s.m.m.a.RequestMappingHandlerMapping : Mapped "{[/Banner/selectBannerList]}" onto public com.yj.bj.util.YJResult com.yj.bj.controller.BannerController.get(java.lang.String,java.lang.String)
2019-12-03 13:40:08.584  INFO 7896 --- [main] s.w.s.m.m.a.RequestMappingHandlerMapping : Mapped "{[/CardInformation/addCreditCard],methods=[POST]}" onto public com.yj.bj.util.YJResult com.yj.bj.controller.CardInformationController.add(java.lang.String,java.lang.String,java.lang.String,java.lang.String,java.lang.String,java.lang.String,java.lang.String,java.lang.String,java.lang.String,java.lang.String,java.lang.String,java.lang.String,java.lang.String,java.lang.String)
2019-12-03 13:40:08.584  INFO 7896 --- [main] s.w.s.m.m.a.RequestMappingHandlerMapping : Mapped "{[/CardInformation/alterCards],methods=[POST]}" onto public com.yj.bj.util.YJResult com.yj.bj.controller.CardInformationController.alterCards(java.lang.String,java.lang.String,java.lang.String,java.lang.String,java.lang.String,java.lang.String,java.lang.String)
2019-12-03 13:40:08.584  INFO 7896 --- [main] s.w.s.m.m.a.RequestMappingHandlerMapping : Mapped "{[/CardInformation/delCard],methods=[POST]}" onto public com.yj.bj.util.YJResult com.yj.bj.controller.CardInformationController.delCard(java.lang.String,java.lang.String,java.lang.String,java.lang.String,java.lang.String)
2019-12-03 13:40:08.585  INFO 7896 --- [main] s.w.s.m.m.a.RequestMappingHandlerMapping : Mapped "{[/CardInformation/changeCard],methods=[POST]}" onto public com.yj.bj.util.YJResult com.yj.bj.controller.CardInformationController.changeCard(java.lang.String,java.lang.String,java.lang.String,java.lang.String,java.lang.String)
2019-12-03 13:40:08.585  INFO 7896 --- [main] s.w.s.m.m.a.RequestMappingHandlerMapping : Mapped "{[/CardInformation/getCardById]}" onto public com.yj.bj.entity.CardInformation com.yj.bj.controller.CardInformationController.getCardById(java.lang.Long)
2019-12-03 13:40:08.585  INFO 7896 --- [main] s.w.s.m.m.a.RequestMappingHandlerMapping : Mapped "{[/CardInformation/getCard],methods=[POST]}" onto public com.yj.bj.util.YJResult com.yj.bj.controller.CardInformationController.getCard(java.lang.String,java.lang.String,java.lang.String)
2019-12-03 13:40:08.586  INFO 7896 --- [main] s.w.s.m.m.a.RequestMappingHandlerMapping : Mapped "{[/CardInformation/alterSigns],methods=[POST]}" onto public com.yj.bj.util.YJResult com.yj.bj.controller.CardInformationController.alterSigns(java.lang.String,java.lang.String,java.lang.String,java.lang.String)
2019-12-03 13:40:08.586  INFO 7896 --- [main] s.w.s.m.m.a.RequestMappingHandlerMapping : Mapped "{[/CardInformation/selectCards],methods=[POST]}" onto public com.yj.bj.util.YJResult com.yj.bj.controller.CardInformationController.selectCards(java.lang.String,java.lang.String,java.lang.String,java.lang.String,java.lang.String)
2019-12-03 13:40:08.586  INFO 7896 --- [main] s.w.s.m.m.a.RequestMappingHandlerMapping : Mapped "{[/CardInformation/alterCard],methods=[POST]}" onto public com.yj.bj.util.YJResult com.yj.bj.controller.CardInformationController.alterCard(java.lang.String,java.lang.String,java.lang.String,java.lang.String,java.lang.String)
2019-12-03 13:40:08.587  INFO 7896 --- [main] s.w.s.m.m.a.RequestMappingHandlerMapping : Mapped "{[/CardInformation/addCard],methods=[POST]}" onto public com.yj.bj.util.YJResult com.yj.bj.controller.CardInformationController.addCard(java.lang.String,java.lang.String,java.lang.String,java.lang.String,java.lang.String,java.lang.String,java.lang.String,java.lang.String,java.lang.String)
2019-12-03 13:40:08.590  INFO 7896 --- [main] s.w.s.m.m.a.RequestMappingHandlerMapping : Mapped "{[/count/select]}" onto public com.yj.bj.util.YJResult com.yj.bj.controller.CountController.select(java.lang.String,java.lang.String,java.lang.String,java.lang.String)
2019-12-03 13:40:08.592  INFO 7896 --- [main] s.w.s.m.m.a.RequestMappingHandlerMapping : Mapped "{[/Image/addcardImgA],methods=[POST]}" onto public com.yj.bj.util.YJResult com.yj.bj.controller.ImageController.cardImgA(java.lang.String,java.lang.String,java.lang.String,org.springframework.web.multipart.MultipartFile,javax.servlet.http.HttpServletRequest)
2019-12-03 13:40:08.593  INFO 7896 --- [main] s.w.s.m.m.a.RequestMappingHandlerMapping : Mapped "{[/Image/adduserIDCardB],methods=[POST]}" onto public com.yj.bj.util.YJResult com.yj.bj.controller.ImageController.adduserIDCardB(java.lang.String,java.lang.String,java.lang.String,org.springframework.web.multipart.MultipartFile,javax.servlet.http.HttpServletRequest)
2019-12-03 13:40:08.593  INFO 7896 --- [main] s.w.s.m.m.a.RequestMappingHandlerMapping : Mapped "{[/Image/adduserIDCardA],methods=[POST]}" onto public com.yj.bj.util.YJResult com.yj.bj.controller.ImageController.adduserIDCardA(java.lang.String,java.lang.String,java.lang.String,org.springframework.web.multipart.MultipartFile,javax.servlet.http.HttpServletRequest)
2019-12-03 13:40:08.594  INFO 7896 --- [main] s.w.s.m.m.a.RequestMappingHandlerMapping : Mapped "{[/Income/selectIncome],methods=[POST]}" onto public com.yj.bj.util.YJResult com.yj.bj.controller.IncomeController.get()
2019-12-03 13:40:08.595  INFO 7896 --- [main] s.w.s.m.m.a.RequestMappingHandlerMapping : Mapped "{[/indexPush/getImg]}" onto public com.yj.bj.util.YJResult com.yj.bj.controller.IndexPushController.getImg(java.lang.String)
2019-12-03 13:40:08.596  INFO 7896 --- [main] s.w.s.m.m.a.RequestMappingHandlerMapping : Mapped "{[/Introduce/selectIntroduceList],methods=[POST]}" onto public com.yj.bj.util.YJResult com.yj.bj.controller.IntroduceController.get(java.lang.Integer,java.lang.Integer)
2019-12-03 13:40:08.597  INFO 7896 --- [main] s.w.s.m.m.a.RequestMappingHandlerMapping : Mapped "{[/KSgetPaymentNum/getArea]}" onto public com.yj.bj.util.YJResult com.yj.bj.controller.KSPaymentNumCtl.getAllArea(java.lang.String)
2019-12-03 13:40:08.598  INFO 7896 --- [main] s.w.s.m.m.a.RequestMappingHandlerMapping : Mapped "{[/KSUsedArea/areaMerMessage]}" onto public com.yj.bj.util.YJResult com.yj.bj.controller.KSRealNameUsedAreaCtl.insertRecord(com.yj.bj.entity.KSMerUsedArea)
2019-12-03 13:40:08.603  INFO 7896 --- [main] s.w.s.m.m.a.RequestMappingHandlerMapping : Mapped "{[/MerChants/mergeOrInsert]}" onto public com.yj.bj.util.YJResult com.yj.bj.controller.MerChantsController.add(java.lang.String,java.lang.String,java.lang.String,java.lang.String)
2019-12-03 13:40:08.604  INFO 7896 --- [main] s.w.s.m.m.a.RequestMappingHandlerMapping : Mapped "{[/MerChants/setMerChants],methods=[POST]}" onto public com.yj.bj.util.YJResult com.yj.bj.controller.MerChantsController.set(java.lang.String,java.lang.String,java.lang.String,java.lang.String)
2019-12-03 13:40:08.604  INFO 7896 --- [main] s.w.s.m.m.a.RequestMappingHandlerMapping : Mapped "{[/MerChants/addFaceImgUrl],methods=[POST]}" onto public com.yj.bj.util.YJResult com.yj.bj.controller.MerChantsController.insert(java.lang.String,java.lang.String,java.lang.String,org.springframework.web.multipart.MultipartFile,javax.servlet.http.HttpServletRequest)
2019-12-03 13:40:08.605  INFO 7896 --- [main] s.w.s.m.m.a.RequestMappingHandlerMapping : Mapped "{[/MerChants/check],methods=[POST]}" onto public com.yj.bj.util.YJResult com.yj.bj.controller.MerChantsController.check(java.lang.String,java.lang.String,java.lang.String,java.lang.String)
2019-12-03 13:40:08.605  INFO 7896 --- [main] s.w.s.m.m.a.RequestMappingHandlerMapping : Mapped "{[/MerChants/getStatistics]}" onto public com.yj.bj.util.YJResult com.yj.bj.controller.MerChantsController.select(java.lang.String,java.lang.String)
2019-12-03 13:40:08.606  INFO 7896 --- [main] s.w.s.m.m.a.RequestMappingHandlerMapping : Mapped "{[/MerChants/getMerChantsById]}" onto public com.yj.bj.entity.MerChants com.yj.bj.controller.MerChantsController.select(java.lang.String)
2019-12-03 13:40:08.606  INFO 7896 --- [main] s.w.s.m.m.a.RequestMappingHandlerMapping : Mapped "{[/MerChants/inspectToken],methods=[POST]}" onto public com.yj.bj.util.YJResult com.yj.bj.controller.MerChantsController.inspect(java.lang.String)
2019-12-03 13:40:08.607  INFO 7896 --- [main] s.w.s.m.m.a.RequestMappingHandlerMapping : Mapped "{[/MerChants/test]}" onto public com.yj.bj.util.YJResult com.yj.bj.controller.MerChantsController.test(java.lang.String,java.lang.String,java.lang.String,java.lang.String)
2019-12-03 13:40:08.608  INFO 7896 --- [main] s.w.s.m.m.a.RequestMappingHandlerMapping : Mapped "{[/MerChants/send]}" onto public com.yj.bj.util.YJResult com.yj.bj.controller.MerChantsController.sends(java.lang.String,java.lang.String,java.lang.String)
2019-12-03 13:40:08.608  INFO 7896 --- [main] s.w.s.m.m.a.RequestMappingHandlerMapping : Mapped "{[/MerChants/selectMerChants]}" onto public com.yj.bj.entity.MerChants com.yj.bj.controller.MerChantsController.selects(java.lang.String,java.lang.String)
2019-12-03 13:40:08.609  INFO 7896 --- [main] s.w.s.m.m.a.RequestMappingHandlerMapping : Mapped "{[/MerChants/selectMerChantsRate]}" onto public com.yj.bj.util.YJResult com.yj.bj.controller.MerChantsController.alter(java.lang.String)
2019-12-03 13:40:08.609  INFO 7896 --- [main] s.w.s.m.m.a.RequestMappingHandlerMapping : Mapped "{[/MerChants/login],methods=[POST]}" onto public com.yj.bj.util.YJResult com.yj.bj.controller.MerChantsController.addMerChants(java.lang.String,java.lang.String,java.lang.String,java.lang.String)
2019-12-03 13:40:08.610  INFO 7896 --- [main] s.w.s.m.m.a.RequestMappingHandlerMapping : Mapped "{[/MerChants/selectImageList]}" onto public com.yj.bj.util.YJResult com.yj.bj.controller.MerChantsController.getImageList(java.lang.String)
2019-12-03 13:40:08.610  INFO 7896 --- [main] s.w.s.m.m.a.RequestMappingHandlerMapping : Mapped "{[/MerChants/getMerChantsWithMerMp],methods=[POST]}" onto public com.yj.bj.util.YJResult com.yj.bj.controller.MerChantsController.getMerChants(java.lang.String,java.lang.String,java.lang.String,java.lang.String)
2019-12-03 13:40:08.611  INFO 7896 --- [main] s.w.s.m.m.a.RequestMappingHandlerMapping : Mapped "{[/MerChants/alterMerMp]}" onto public com.yj.bj.util.YJResult com.yj.bj.controller.MerChantsController.alterMerMp(java.lang.String,java.lang.String,java.lang.String,java.lang.String)
2019-12-03 13:40:08.611  INFO 7896 --- [main] s.w.s.m.m.a.RequestMappingHandlerMapping : Mapped "{[/MerChants/setMerChantsForHtml],methods=[POST]}" onto public com.yj.bj.util.YJResult com.yj.bj.controller.MerChantsController.setMerChants(java.lang.String,java.lang.String,java.lang.String)
2019-12-03 13:40:08.612  INFO 7896 --- [main] s.w.s.m.m.a.RequestMappingHandlerMapping : Mapped "{[/MerChants/getMerChant],methods=[POST]}" onto public com.yj.bj.util.YJResult com.yj.bj.controller.MerChantsController.gets(java.lang.String,java.lang.String)
2019-12-03 13:40:08.612  INFO 7896 --- [main] s.w.s.m.m.a.RequestMappingHandlerMapping : Mapped "{[/MerChants/selectAgent],methods=[POST]}" onto public com.yj.bj.util.YJResult com.yj.bj.controller.MerChantsController.selectAgent(java.lang.String,java.lang.String,java.lang.String)
2019-12-03 13:40:08.613  INFO 7896 --- [main] s.w.s.m.m.a.RequestMappingHandlerMapping : Mapped "{[/MerChants/share]}" onto public com.yj.bj.util.YJResult com.yj.bj.controller.MerChantsController.share(java.lang.String,java.lang.String,java.lang.String)
2019-12-03 13:40:08.613  INFO 7896 --- [main] s.w.s.m.m.a.RequestMappingHandlerMapping : Mapped "{[/MerChants/mergeOrInsertForHtml],methods=[POST]}" onto public com.yj.bj.util.YJResult com.yj.bj.controller.MerChantsController.addForHtml(java.lang.String,java.lang.String,java.lang.String)
2019-12-03 13:40:08.613  INFO 7896 --- [main] s.w.s.m.m.a.RequestMappingHandlerMapping : Mapped "{[/MerChants/alterMerType]}" onto public java.lang.String com.yj.bj.controller.MerChantsController.alterMerType(java.lang.String,java.lang.String,java.math.BigDecimal,java.lang.String,java.lang.String,java.lang.String)
2019-12-03 13:40:08.614  INFO 7896 --- [main] s.w.s.m.m.a.RequestMappingHandlerMapping : Mapped "{[/MerChants/selectGradeList]}" onto public java.util.List<com.yj.bj.entity.Mer> com.yj.bj.controller.MerChantsController.selectGradeLists(java.lang.String,java.lang.String)
2019-12-03 13:40:08.614  INFO 7896 --- [main] s.w.s.m.m.a.RequestMappingHandlerMapping : Mapped "{[/MerChants/selectRateLists]}" onto public java.util.List<com.yj.bj.entity.Rate> com.yj.bj.controller.MerChantsController.selectRateLists(java.lang.String,java.lang.String,java.lang.String)
2019-12-03 13:40:08.615  INFO 7896 --- [main] s.w.s.m.m.a.RequestMappingHandlerMapping : Mapped "{[/MerChants/authentication],methods=[POST]}" onto public com.yj.bj.util.YJResult com.yj.bj.controller.MerChantsController.authentication(java.lang.String,java.lang.String,java.lang.String,java.lang.String,java.lang.String,java.lang.String)
2019-12-03 13:40:08.617  INFO 7896 --- [main] s.w.s.m.m.a.RequestMappingHandlerMapping : Mapped "{[/MerChantsRate/selectRateList],methods=[POST]}" onto public java.util.List<com.yj.bj.entity.MerChantsRate> com.yj.bj.controller.MerChantsRateController.selects(java.lang.String,java.lang.String)
2019-12-03 13:40:08.617  INFO 7896 --- [main] s.w.s.m.m.a.RequestMappingHandlerMapping : Mapped "{[/MerChantsRate/selectMerChantsRate],methods=[POST]}" onto public com.yj.bj.entity.MerChantsRate com.yj.bj.controller.MerChantsRateController.selectAgent(java.lang.String,java.lang.String)
2019-12-03 13:40:08.618  INFO 7896 --- [main] s.w.s.m.m.a.RequestMappingHandlerMapping : Mapped "{[/News/selectNewsList],methods=[POST]}" onto public com.yj.bj.util.YJResult com.yj.bj.controller.NewsController.get(java.lang.String,java.lang.Integer,java.lang.Integer,java.lang.String,java.lang.String)
2019-12-03 13:40:08.619  INFO 7896 --- [main] s.w.s.m.m.a.RequestMappingHandlerMapping : Mapped "{[/News/sends],methods=[POST]}" onto public java.lang.String com.yj.bj.controller.NewsController.sends(java.lang.String,java.lang.String)
2019-12-03 13:40:08.620  INFO 7896 --- [main] s.w.s.m.m.a.RequestMappingHandlerMapping : Mapped "{[/Num/selectNum],methods=[POST]}" onto public com.yj.bj.util.YJResult com.yj.bj.controller.NumController.get(java.lang.String)
2019-12-03 13:40:08.621  INFO 7896 --- [main] s.w.s.m.m.a.RequestMappingHandlerMapping : Mapped "{[/OCRPay/charging]}" onto public com.alibaba.fastjson.JSONObject com.yj.bj.controller.OcrPay.charging(java.lang.String,java.lang.String)
2019-12-03 13:40:08.622  INFO 7896 --- [main] s.w.s.m.m.a.RequestMappingHandlerMapping : Mapped "{[/Order/select]}" onto public com.yj.bj.util.YJResult com.yj.bj.controller.OrderController.select(java.lang.String,java.lang.String,java.lang.String,java.lang.String,java.lang.String,java.lang.String,java.lang.String,java.lang.Long,java.lang.String,java.lang.String,java.lang.String,java.lang.String,java.lang.Long,java.lang.Long)
2019-12-03 13:40:08.623  INFO 7896 --- [main] s.w.s.m.m.a.RequestMappingHandlerMapping : Mapped "{[/Order/alter]}" onto public com.yj.bj.util.YJResult com.yj.bj.controller.OrderController.alter(java.lang.String,java.lang.String)
2019-12-03 13:40:08.624  INFO 7896 --- [main] s.w.s.m.m.a.RequestMappingHandlerMapping : Mapped "{[/Products/select]}" onto public com.yj.bj.entity.Products com.yj.bj.controller.ProductsController.select(java.lang.String,java.lang.String)
2019-12-03 13:40:08.625  INFO 7896 --- [main] s.w.s.m.m.a.RequestMappingHandlerMapping : Mapped "{[/Rates/getRatesList]}" onto public java.util.List<com.yj.bj.entity.Rates> com.yj.bj.controller.RatesController.select(java.lang.String,java.lang.String)
2019-12-03 13:40:08.626  INFO 7896 --- [main] s.w.s.m.m.a.RequestMappingHandlerMapping : Mapped "{[/Reward/getActivateReward]}" onto public com.yj.bj.entity.Reward com.yj.bj.controller.RewardController.get(java.lang.String)
2019-12-03 13:40:08.627  INFO 7896 --- [main] s.w.s.m.m.a.RequestMappingHandlerMapping : Mapped "{[/Subsidy/selectSubsidy]}" onto public com.yj.bj.entity.Subsidize com.yj.bj.controller.SubsidyController.select(java.lang.String)
2019-12-03 13:40:08.628  INFO 7896 --- [main] s.w.s.m.m.a.RequestMappingHandlerMapping : Mapped "{[/test/test]}" onto public com.yj.bj.util.YJResult com.yj.bj.controller.TestController.test(java.lang.String,java.lang.String,java.lang.String,java.lang.String,java.lang.String,java.lang.String,java.lang.String,java.lang.String,java.lang.String)
2019-12-03 13:40:08.629  INFO 7896 --- [main] s.w.s.m.m.a.RequestMappingHandlerMapping : Mapped "{[/Transactional/select]}" onto public com.yj.bj.util.YJResult com.yj.bj.controller.TransactionalController.select(java.lang.String,java.lang.String,java.lang.String,java.lang.String,java.lang.String,java.lang.String,java.lang.Long,java.lang.Long)
2019-12-03 13:40:08.630  INFO 7896 --- [main] s.w.s.m.m.a.RequestMappingHandlerMapping : Mapped "{[/Transaction/selectInstitutionId],methods=[POST]}" onto public com.yj.bj.entity.Transaction com.yj.bj.controller.TransactionController.get()
2019-12-03 13:40:08.631  INFO 7896 --- [main] s.w.s.m.m.a.RequestMappingHandlerMapping : Mapped "{[/Transaction/getTransactionList]}" onto public java.util.List<com.yj.bj.entity.Transaction> com.yj.bj.controller.TransactionController.select(java.lang.String)
2019-12-03 13:40:08.632  INFO 7896 --- [main] s.w.s.m.m.a.RequestMappingHandlerMapping : Mapped "{[/Transaction/test]}" onto public com.yj.bj.util.YJResult com.yj.bj.controller.TransactionController.select()
2019-12-03 13:40:08.632  INFO 7896 --- [main] s.w.s.m.m.a.RequestMappingHandlerMapping : Mapped "{[/Transaction/whetherAgent],methods=[POST]}" onto public com.yj.bj.util.YJResult com.yj.bj.controller.TransactionController.whetherAgent(java.lang.String,java.lang.String)
2019-12-03 13:40:08.633  INFO 7896 --- [main] s.w.s.m.m.a.RequestMappingHandlerMapping : Mapped "{[/Used/getUsed],methods=[POST]}" onto public com.yj.bj.util.YJResult com.yj.bj.controller.UsedController.get(java.lang.String)
2019-12-03 13:40:08.661  INFO 7896 --- [main] s.w.s.m.m.a.RequestMappingHandlerMapping : Mapped "{[/error]}" onto public org.springframework.http.ResponseEntity<java.util.Map<java.lang.String, java.lang.Object>> org.springframework.boot.autoconfigure.web.BasicErrorController.error(javax.servlet.http.HttpServletRequest)
2019-12-03 13:40:08.662  INFO 7896 --- [main] s.w.s.m.m.a.RequestMappingHandlerMapping : Mapped "{[/error],produces=[text/html]}" onto public org.springframework.web.servlet.ModelAndView org.springframework.boot.autoconfigure.web.BasicErrorController.errorHtml(javax.servlet.http.HttpServletRequest,javax.servlet.http.HttpServletResponse)
2019-12-03 13:40:08.732  INFO 7896 --- [main] o.s.w.s.handler.SimpleUrlHandlerMapping  : Mapped URL path [/makePlan] onto handler of type [class org.springframework.web.servlet.mvc.ParameterizableViewController]
2019-12-03 13:40:08.732  INFO 7896 --- [main] o.s.w.s.handler.SimpleUrlHandlerMapping  : Mapped URL path [/success] onto handler of type [class org.springframework.web.servlet.mvc.ParameterizableViewController]
2019-12-03 13:40:08.732  INFO 7896 --- [main] o.s.w.s.handler.SimpleUrlHandlerMapping  : Mapped URL path [/index] onto handler of type [class org.springframework.web.servlet.mvc.ParameterizableViewController]
2019-12-03 13:40:08.764  INFO 7896 --- [main] o.s.w.s.handler.SimpleUrlHandlerMapping  : Mapped URL path [/webjars/**] onto handler of type [class org.springframework.web.servlet.resource.ResourceHttpRequestHandler]
2019-12-03 13:40:08.765  INFO 7896 --- [main] o.s.w.s.handler.SimpleUrlHandlerMapping  : Mapped URL path [/**] onto handler of type [class org.springframework.web.servlet.resource.ResourceHttpRequestHandler]
2019-12-03 13:40:08.874  INFO 7896 --- [main] o.s.w.s.handler.SimpleUrlHandlerMapping  : Mapped URL path [/**/favicon.ico] onto handler of type [class org.springframework.web.servlet.resource.ResourceHttpRequestHandler]
2019-12-03 13:40:10.970  INFO 7896 --- [main] o.s.s.c.ThreadPoolTaskScheduler          : Initializing ExecutorService  'taskScheduler'
